<?xml version="1.0" encoding="UTF-8"?>
<!-- Generated by org.testng.reporters.JUnitReportReporter -->
<testsuite hostname="DESKTOP-H5B1REO" failures="0" tests="4" name="api.test.UserTests2" time="5.892" errors="0" timestamp="2024-03-08T15:11:48 CET" skipped="0">
  <testcase classname="api.test.UserTests2" name="testPostUser" time="3.303"/>
  <testcase classname="api.test.UserTests2" name="testGetUserByName" time="0.659"/>
  <testcase classname="api.test.UserTests2" name="testupdateUserByName" time="1.288"/>
  <testcase classname="api.test.UserTests2" name="testdeleteUserByName" time="0.642"/>
</testsuite> <!-- api.test.UserTests2 -->
