<?xml version="1.0" encoding="UTF-8"?>
<!-- Generated by org.testng.reporters.JUnitReportReporter -->
<testsuite hostname="DESKTOP-H5B1REO" failures="0" tests="4" name="api.test.UserTests2" time="6.104" errors="0" timestamp="2024-03-08T15:03:02 CET" skipped="0">
  <testcase classname="api.test.UserTests2" name="testPostUser" time="3.507"/>
  <testcase classname="api.test.UserTests2" name="testGetUserByName" time="0.694"/>
  <testcase classname="api.test.UserTests2" name="testupdateUserByName" time="1.289"/>
  <testcase classname="api.test.UserTests2" name="testdeleteUserByName" time="0.614"/>
</testsuite> <!-- api.test.UserTests2 -->
